<?xml version="1.0" encoding="UTF-8"?>
<testsuite xmlns:xsi="http://www.w3.org/2001/XMLSchema-instance" xsi:noNamespaceSchemaLocation="https://maven.apache.org/surefire/maven-surefire-plugin/xsd/surefire-test-report.xsd" name="com.example.blog.BlogApplicationTests" time="8.733" tests="3" errors="2" skipped="0" failures="0">
  <properties>
    <property name="sun.desktop" value="windows"/>
    <property name="awt.toolkit" value="sun.awt.windows.WToolkit"/>
    <property name="file.encoding.pkg" value="sun.io"/>
    <property name="java.specification.version" value="1.8"/>
    <property name="sun.cpu.isalist" value="amd64"/>
    <property name="sun.jnu.encoding" value="GBK"/>
    <property name="java.class.path" value="D:\java学习\newblog\target\test-classes;D:\java学习\newblog\target\classes;D:\javamaven\repository\commons-beanutils\commons-beanutils\1.9.3\commons-beanutils-1.9.3.jar;D:\javamaven\repository\commons-logging\commons-logging\1.2\commons-logging-1.2.jar;D:\javamaven\repository\commons-collections\commons-collections\3.2.2\commons-collections-3.2.2.jar;D:\javamaven\repository\com\alibaba\fastjson\1.2.47\fastjson-1.2.47.jar;D:\javamaven\repository\org\jsoup\jsoup\1.13.1\jsoup-1.13.1.jar;D:\javamaven\repository\org\springframework\boot\spring-boot-starter-data-elasticsearch\2.4.3\spring-boot-starter-data-elasticsearch-2.4.3.jar;D:\javamaven\repository\org\springframework\boot\spring-boot-starter\2.4.3\spring-boot-starter-2.4.3.jar;D:\javamaven\repository\org\springframework\boot\spring-boot-starter-logging\2.4.3\spring-boot-starter-logging-2.4.3.jar;D:\javamaven\repository\ch\qos\logback\logback-classic\1.2.3\logback-classic-1.2.3.jar;D:\javamaven\repository\ch\qos\logback\logback-core\1.2.3\logback-core-1.2.3.jar;D:\javamaven\repository\org\apache\logging\log4j\log4j-to-slf4j\2.13.3\log4j-to-slf4j-2.13.3.jar;D:\javamaven\repository\org\apache\logging\log4j\log4j-api\2.13.3\log4j-api-2.13.3.jar;D:\javamaven\repository\org\slf4j\jul-to-slf4j\1.7.30\jul-to-slf4j-1.7.30.jar;D:\javamaven\repository\jakarta\annotation\jakarta.annotation-api\1.3.5\jakarta.annotation-api-1.3.5.jar;D:\javamaven\repository\org\yaml\snakeyaml\1.27\snakeyaml-1.27.jar;D:\javamaven\repository\org\springframework\data\spring-data-elasticsearch\4.1.5\spring-data-elasticsearch-4.1.5.jar;D:\javamaven\repository\org\springframework\spring-context\5.3.4\spring-context-5.3.4.jar;D:\javamaven\repository\org\springframework\spring-tx\5.3.4\spring-tx-5.3.4.jar;D:\javamaven\repository\org\springframework\data\spring-data-commons\2.4.5\spring-data-commons-2.4.5.jar;D:\javamaven\repository\org\elasticsearch\plugin\transport-netty4-client\7.12.1\transport-netty4-client-7.12.1.jar;D:\javamaven\repository\io\netty\netty-buffer\4.1.59.Final\netty-buffer-4.1.59.Final.jar;D:\javamaven\repository\io\netty\netty-codec\4.1.59.Final\netty-codec-4.1.59.Final.jar;D:\javamaven\repository\io\netty\netty-codec-http\4.1.59.Final\netty-codec-http-4.1.59.Final.jar;D:\javamaven\repository\io\netty\netty-common\4.1.59.Final\netty-common-4.1.59.Final.jar;D:\javamaven\repository\io\netty\netty-handler\4.1.59.Final\netty-handler-4.1.59.Final.jar;D:\javamaven\repository\io\netty\netty-resolver\4.1.59.Final\netty-resolver-4.1.59.Final.jar;D:\javamaven\repository\io\netty\netty-transport\4.1.59.Final\netty-transport-4.1.59.Final.jar;D:\javamaven\repository\org\elasticsearch\client\elasticsearch-rest-high-level-client\7.12.1\elasticsearch-rest-high-level-client-7.12.1.jar;D:\javamaven\repository\org\elasticsearch\elasticsearch\7.12.1\elasticsearch-7.12.1.jar;D:\javamaven\repository\org\elasticsearch\elasticsearch-core\7.12.1\elasticsearch-core-7.12.1.jar;D:\javamaven\repository\org\elasticsearch\elasticsearch-secure-sm\7.12.1\elasticsearch-secure-sm-7.12.1.jar;D:\javamaven\repository\org\elasticsearch\elasticsearch-x-content\7.12.1\elasticsearch-x-content-7.12.1.jar;D:\javamaven\repository\com\fasterxml\jackson\dataformat\jackson-dataformat-smile\2.11.4\jackson-dataformat-smile-2.11.4.jar;D:\javamaven\repository\com\fasterxml\jackson\dataformat\jackson-dataformat-yaml\2.11.4\jackson-dataformat-yaml-2.11.4.jar;D:\javamaven\repository\com\fasterxml\jackson\dataformat\jackson-dataformat-cbor\2.11.4\jackson-dataformat-cbor-2.11.4.jar;D:\javamaven\repository\org\elasticsearch\elasticsearch-geo\7.12.1\elasticsearch-geo-7.12.1.jar;D:\javamaven\repository\org\apache\lucene\lucene-core\8.8.0\lucene-core-8.8.0.jar;D:\javamaven\repository\org\apache\lucene\lucene-analyzers-common\8.8.0\lucene-analyzers-common-8.8.0.jar;D:\javamaven\repository\org\apache\lucene\lucene-backward-codecs\8.8.0\lucene-backward-codecs-8.8.0.jar;D:\javamaven\repository\org\apache\lucene\lucene-grouping\8.8.0\lucene-grouping-8.8.0.jar;D:\javamaven\repository\org\apache\lucene\lucene-highlighter\8.8.0\lucene-highlighter-8.8.0.jar;D:\javamaven\repository\org\apache\lucene\lucene-join\8.8.0\lucene-join-8.8.0.jar;D:\javamaven\repository\org\apache\lucene\lucene-memory\8.8.0\lucene-memory-8.8.0.jar;D:\javamaven\repository\org\apache\lucene\lucene-misc\8.8.0\lucene-misc-8.8.0.jar;D:\javamaven\repository\org\apache\lucene\lucene-queries\8.8.0\lucene-queries-8.8.0.jar;D:\javamaven\repository\org\apache\lucene\lucene-queryparser\8.8.0\lucene-queryparser-8.8.0.jar;D:\javamaven\repository\org\apache\lucene\lucene-sandbox\8.8.0\lucene-sandbox-8.8.0.jar;D:\javamaven\repository\org\apache\lucene\lucene-spatial-extras\8.8.0\lucene-spatial-extras-8.8.0.jar;D:\javamaven\repository\org\apache\lucene\lucene-spatial3d\8.8.0\lucene-spatial3d-8.8.0.jar;D:\javamaven\repository\org\apache\lucene\lucene-suggest\8.8.0\lucene-suggest-8.8.0.jar;D:\javamaven\repository\org\elasticsearch\elasticsearch-cli\7.12.1\elasticsearch-cli-7.12.1.jar;D:\javamaven\repository\net\sf\jopt-simple\jopt-simple\5.0.2\jopt-simple-5.0.2.jar;D:\javamaven\repository\com\carrotsearch\hppc\0.8.1\hppc-0.8.1.jar;D:\javamaven\repository\joda-time\joda-time\2.10.4\joda-time-2.10.4.jar;D:\javamaven\repository\com\tdunning\t-digest\3.2\t-digest-3.2.jar;D:\javamaven\repository\org\hdrhistogram\HdrHistogram\2.1.9\HdrHistogram-2.1.9.jar;D:\javamaven\repository\org\elasticsearch\jna\5.7.0-1\jna-5.7.0-1.jar;D:\javamaven\repository\org\elasticsearch\elasticsearch-plugin-classloader\7.12.1\elasticsearch-plugin-classloader-7.12.1.jar;D:\javamaven\repository\org\elasticsearch\client\elasticsearch-rest-client\7.12.1\elasticsearch-rest-client-7.12.1.jar;D:\javamaven\repository\org\apache\httpcomponents\httpclient\4.5.13\httpclient-4.5.13.jar;D:\javamaven\repository\org\apache\httpcomponents\httpcore\4.4.14\httpcore-4.4.14.jar;D:\javamaven\repository\org\apache\httpcomponents\httpasyncclient\4.1.4\httpasyncclient-4.1.4.jar;D:\javamaven\repository\org\apache\httpcomponents\httpcore-nio\4.4.14\httpcore-nio-4.4.14.jar;D:\javamaven\repository\commons-codec\commons-codec\1.15\commons-codec-1.15.jar;D:\javamaven\repository\org\elasticsearch\plugin\mapper-extras-client\7.12.1\mapper-extras-client-7.12.1.jar;D:\javamaven\repository\org\elasticsearch\plugin\parent-join-client\7.12.1\parent-join-client-7.12.1.jar;D:\javamaven\repository\org\elasticsearch\plugin\aggs-matrix-stats-client\7.12.1\aggs-matrix-stats-client-7.12.1.jar;D:\javamaven\repository\org\elasticsearch\plugin\rank-eval-client\7.12.1\rank-eval-client-7.12.1.jar;D:\javamaven\repository\org\elasticsearch\plugin\lang-mustache-client\7.12.1\lang-mustache-client-7.12.1.jar;D:\javamaven\repository\com\github\spullara\mustache\java\compiler\0.9.6\compiler-0.9.6.jar;D:\javamaven\repository\com\fasterxml\jackson\core\jackson-core\2.11.4\jackson-core-2.11.4.jar;D:\javamaven\repository\com\fasterxml\jackson\core\jackson-databind\2.11.4\jackson-databind-2.11.4.jar;D:\javamaven\repository\com\fasterxml\jackson\core\jackson-annotations\2.11.4\jackson-annotations-2.11.4.jar;D:\javamaven\repository\org\slf4j\slf4j-api\1.7.30\slf4j-api-1.7.30.jar;D:\javamaven\repository\org\webjars\bowergithub\dcodeio\long.js\4.0.0\long.js-4.0.0.jar;D:\javamaven\repository\com\atlassian\commonmark\commonmark\0.10.0\commonmark-0.10.0.jar;D:\javamaven\repository\com\github\pagehelper\pagehelper-spring-boot-starter\1.2.10\pagehelper-spring-boot-starter-1.2.10.jar;D:\javamaven\repository\com\github\pagehelper\pagehelper-spring-boot-autoconfigure\1.2.10\pagehelper-spring-boot-autoconfigure-1.2.10.jar;D:\javamaven\repository\com\github\pagehelper\pagehelper\5.1.8\pagehelper-5.1.8.jar;D:\javamaven\repository\com\github\jsqlparser\jsqlparser\1.2\jsqlparser-1.2.jar;D:\javamaven\repository\org\springframework\boot\spring-boot-starter-aop\2.4.3\spring-boot-starter-aop-2.4.3.jar;D:\javamaven\repository\org\springframework\spring-aop\5.3.4\spring-aop-5.3.4.jar;D:\javamaven\repository\org\springframework\spring-beans\5.3.4\spring-beans-5.3.4.jar;D:\javamaven\repository\org\aspectj\aspectjweaver\1.9.6\aspectjweaver-1.9.6.jar;D:\javamaven\repository\org\springframework\boot\spring-boot-starter-thymeleaf\2.4.3\spring-boot-starter-thymeleaf-2.4.3.jar;D:\javamaven\repository\org\thymeleaf\thymeleaf-spring5\3.0.12.RELEASE\thymeleaf-spring5-3.0.12.RELEASE.jar;D:\javamaven\repository\org\thymeleaf\thymeleaf\3.0.12.RELEASE\thymeleaf-3.0.12.RELEASE.jar;D:\javamaven\repository\org\attoparser\attoparser\2.0.5.RELEASE\attoparser-2.0.5.RELEASE.jar;D:\javamaven\repository\org\unbescape\unbescape\1.1.6.RELEASE\unbescape-1.1.6.RELEASE.jar;D:\javamaven\repository\org\thymeleaf\extras\thymeleaf-extras-java8time\3.0.4.RELEASE\thymeleaf-extras-java8time-3.0.4.RELEASE.jar;D:\javamaven\repository\org\springframework\boot\spring-boot-starter-web\2.4.3\spring-boot-starter-web-2.4.3.jar;D:\javamaven\repository\org\springframework\boot\spring-boot-starter-json\2.4.3\spring-boot-starter-json-2.4.3.jar;D:\javamaven\repository\com\fasterxml\jackson\datatype\jackson-datatype-jdk8\2.11.4\jackson-datatype-jdk8-2.11.4.jar;D:\javamaven\repository\com\fasterxml\jackson\datatype\jackson-datatype-jsr310\2.11.4\jackson-datatype-jsr310-2.11.4.jar;D:\javamaven\repository\com\fasterxml\jackson\module\jackson-module-parameter-names\2.11.4\jackson-module-parameter-names-2.11.4.jar;D:\javamaven\repository\org\springframework\boot\spring-boot-starter-tomcat\2.4.3\spring-boot-starter-tomcat-2.4.3.jar;D:\javamaven\repository\org\apache\tomcat\embed\tomcat-embed-core\9.0.43\tomcat-embed-core-9.0.43.jar;D:\javamaven\repository\org\glassfish\jakarta.el\3.0.3\jakarta.el-3.0.3.jar;D:\javamaven\repository\org\apache\tomcat\embed\tomcat-embed-websocket\9.0.43\tomcat-embed-websocket-9.0.43.jar;D:\javamaven\repository\org\springframework\spring-web\5.3.4\spring-web-5.3.4.jar;D:\javamaven\repository\org\springframework\spring-webmvc\5.3.4\spring-webmvc-5.3.4.jar;D:\javamaven\repository\org\springframework\spring-expression\5.3.4\spring-expression-5.3.4.jar;D:\javamaven\repository\org\mybatis\spring\boot\mybatis-spring-boot-starter\2.1.4\mybatis-spring-boot-starter-2.1.4.jar;D:\javamaven\repository\org\springframework\boot\spring-boot-starter-jdbc\2.4.3\spring-boot-starter-jdbc-2.4.3.jar;D:\javamaven\repository\com\zaxxer\HikariCP\3.4.5\HikariCP-3.4.5.jar;D:\javamaven\repository\org\springframework\spring-jdbc\5.3.4\spring-jdbc-5.3.4.jar;D:\javamaven\repository\org\mybatis\spring\boot\mybatis-spring-boot-autoconfigure\2.1.4\mybatis-spring-boot-autoconfigure-2.1.4.jar;D:\javamaven\repository\org\mybatis\mybatis\3.5.6\mybatis-3.5.6.jar;D:\javamaven\repository\org\mybatis\mybatis-spring\2.0.6\mybatis-spring-2.0.6.jar;D:\javamaven\repository\org\springframework\boot\spring-boot-devtools\2.4.3\spring-boot-devtools-2.4.3.jar;D:\javamaven\repository\org\springframework\boot\spring-boot\2.4.3\spring-boot-2.4.3.jar;D:\javamaven\repository\org\springframework\boot\spring-boot-autoconfigure\2.4.3\spring-boot-autoconfigure-2.4.3.jar;D:\javamaven\repository\mysql\mysql-connector-java\8.0.23\mysql-connector-java-8.0.23.jar;D:\javamaven\repository\org\springframework\boot\spring-boot-starter-test\2.4.3\spring-boot-starter-test-2.4.3.jar;D:\javamaven\repository\org\springframework\boot\spring-boot-test\2.4.3\spring-boot-test-2.4.3.jar;D:\javamaven\repository\org\springframework\boot\spring-boot-test-autoconfigure\2.4.3\spring-boot-test-autoconfigure-2.4.3.jar;D:\javamaven\repository\com\jayway\jsonpath\json-path\2.4.0\json-path-2.4.0.jar;D:\javamaven\repository\net\minidev\json-smart\2.3\json-smart-2.3.jar;D:\javamaven\repository\net\minidev\accessors-smart\1.2\accessors-smart-1.2.jar;D:\javamaven\repository\org\ow2\asm\asm\5.0.4\asm-5.0.4.jar;D:\javamaven\repository\jakarta\xml\bind\jakarta.xml.bind-api\2.3.3\jakarta.xml.bind-api-2.3.3.jar;D:\javamaven\repository\jakarta\activation\jakarta.activation-api\1.2.2\jakarta.activation-api-1.2.2.jar;D:\javamaven\repository\org\assertj\assertj-core\3.18.1\assertj-core-3.18.1.jar;D:\javamaven\repository\org\hamcrest\hamcrest\2.2\hamcrest-2.2.jar;D:\javamaven\repository\org\junit\jupiter\junit-jupiter\5.7.1\junit-jupiter-5.7.1.jar;D:\javamaven\repository\org\junit\jupiter\junit-jupiter-api\5.7.1\junit-jupiter-api-5.7.1.jar;D:\javamaven\repository\org\apiguardian\apiguardian-api\1.1.0\apiguardian-api-1.1.0.jar;D:\javamaven\repository\org\opentest4j\opentest4j\1.2.0\opentest4j-1.2.0.jar;D:\javamaven\repository\org\junit\platform\junit-platform-commons\1.7.1\junit-platform-commons-1.7.1.jar;D:\javamaven\repository\org\junit\jupiter\junit-jupiter-params\5.7.1\junit-jupiter-params-5.7.1.jar;D:\javamaven\repository\org\junit\jupiter\junit-jupiter-engine\5.7.1\junit-jupiter-engine-5.7.1.jar;D:\javamaven\repository\org\junit\platform\junit-platform-engine\1.7.1\junit-platform-engine-1.7.1.jar;D:\javamaven\repository\org\mockito\mockito-core\3.6.28\mockito-core-3.6.28.jar;D:\javamaven\repository\net\bytebuddy\byte-buddy\1.10.20\byte-buddy-1.10.20.jar;D:\javamaven\repository\net\bytebuddy\byte-buddy-agent\1.10.20\byte-buddy-agent-1.10.20.jar;D:\javamaven\repository\org\objenesis\objenesis\3.1\objenesis-3.1.jar;D:\javamaven\repository\org\mockito\mockito-junit-jupiter\3.6.28\mockito-junit-jupiter-3.6.28.jar;D:\javamaven\repository\org\skyscreamer\jsonassert\1.5.0\jsonassert-1.5.0.jar;D:\javamaven\repository\com\vaadin\external\google\android-json\0.0.20131108.vaadin1\android-json-0.0.20131108.vaadin1.jar;D:\javamaven\repository\org\springframework\spring-core\5.3.4\spring-core-5.3.4.jar;D:\javamaven\repository\org\springframework\spring-jcl\5.3.4\spring-jcl-5.3.4.jar;D:\javamaven\repository\org\springframework\spring-test\5.3.4\spring-test-5.3.4.jar;D:\javamaven\repository\org\xmlunit\xmlunit-core\2.7.0\xmlunit-core-2.7.0.jar;"/>
    <property name="java.vm.vendor" value="Oracle Corporation"/>
    <property name="sun.arch.data.model" value="64"/>
    <property name="user.variant" value=""/>
    <property name="java.vendor.url" value="http://java.oracle.com/"/>
    <property name="user.timezone" value="Asia/Shanghai"/>
    <property name="java.vm.specification.version" value="1.8"/>
    <property name="os.name" value="Windows 10"/>
    <property name="user.country" value="CN"/>
    <property name="sun.java.launcher" value="SUN_STANDARD"/>
    <property name="sun.boot.library.path" value="D:\java3\jre\bin"/>
    <property name="sun.java.command" value="C:\Users\hulud\AppData\Local\Temp\surefire8771540731720881936\surefirebooter2368602142784166404.jar C:\Users\hulud\AppData\Local\Temp\surefire8771540731720881936 2021-07-10T09-16-25_941-jvmRun1 surefire555179447402068431tmp surefire_06250515031487888964tmp"/>
    <property name="surefire.test.class.path" value="D:\java学习\newblog\target\test-classes;D:\java学习\newblog\target\classes;D:\javamaven\repository\commons-beanutils\commons-beanutils\1.9.3\commons-beanutils-1.9.3.jar;D:\javamaven\repository\commons-logging\commons-logging\1.2\commons-logging-1.2.jar;D:\javamaven\repository\commons-collections\commons-collections\3.2.2\commons-collections-3.2.2.jar;D:\javamaven\repository\com\alibaba\fastjson\1.2.47\fastjson-1.2.47.jar;D:\javamaven\repository\org\jsoup\jsoup\1.13.1\jsoup-1.13.1.jar;D:\javamaven\repository\org\springframework\boot\spring-boot-starter-data-elasticsearch\2.4.3\spring-boot-starter-data-elasticsearch-2.4.3.jar;D:\javamaven\repository\org\springframework\boot\spring-boot-starter\2.4.3\spring-boot-starter-2.4.3.jar;D:\javamaven\repository\org\springframework\boot\spring-boot-starter-logging\2.4.3\spring-boot-starter-logging-2.4.3.jar;D:\javamaven\repository\ch\qos\logback\logback-classic\1.2.3\logback-classic-1.2.3.jar;D:\javamaven\repository\ch\qos\logback\logback-core\1.2.3\logback-core-1.2.3.jar;D:\javamaven\repository\org\apache\logging\log4j\log4j-to-slf4j\2.13.3\log4j-to-slf4j-2.13.3.jar;D:\javamaven\repository\org\apache\logging\log4j\log4j-api\2.13.3\log4j-api-2.13.3.jar;D:\javamaven\repository\org\slf4j\jul-to-slf4j\1.7.30\jul-to-slf4j-1.7.30.jar;D:\javamaven\repository\jakarta\annotation\jakarta.annotation-api\1.3.5\jakarta.annotation-api-1.3.5.jar;D:\javamaven\repository\org\yaml\snakeyaml\1.27\snakeyaml-1.27.jar;D:\javamaven\repository\org\springframework\data\spring-data-elasticsearch\4.1.5\spring-data-elasticsearch-4.1.5.jar;D:\javamaven\repository\org\springframework\spring-context\5.3.4\spring-context-5.3.4.jar;D:\javamaven\repository\org\springframework\spring-tx\5.3.4\spring-tx-5.3.4.jar;D:\javamaven\repository\org\springframework\data\spring-data-commons\2.4.5\spring-data-commons-2.4.5.jar;D:\javamaven\repository\org\elasticsearch\plugin\transport-netty4-client\7.12.1\transport-netty4-client-7.12.1.jar;D:\javamaven\repository\io\netty\netty-buffer\4.1.59.Final\netty-buffer-4.1.59.Final.jar;D:\javamaven\repository\io\netty\netty-codec\4.1.59.Final\netty-codec-4.1.59.Final.jar;D:\javamaven\repository\io\netty\netty-codec-http\4.1.59.Final\netty-codec-http-4.1.59.Final.jar;D:\javamaven\repository\io\netty\netty-common\4.1.59.Final\netty-common-4.1.59.Final.jar;D:\javamaven\repository\io\netty\netty-handler\4.1.59.Final\netty-handler-4.1.59.Final.jar;D:\javamaven\repository\io\netty\netty-resolver\4.1.59.Final\netty-resolver-4.1.59.Final.jar;D:\javamaven\repository\io\netty\netty-transport\4.1.59.Final\netty-transport-4.1.59.Final.jar;D:\javamaven\repository\org\elasticsearch\client\elasticsearch-rest-high-level-client\7.12.1\elasticsearch-rest-high-level-client-7.12.1.jar;D:\javamaven\repository\org\elasticsearch\elasticsearch\7.12.1\elasticsearch-7.12.1.jar;D:\javamaven\repository\org\elasticsearch\elasticsearch-core\7.12.1\elasticsearch-core-7.12.1.jar;D:\javamaven\repository\org\elasticsearch\elasticsearch-secure-sm\7.12.1\elasticsearch-secure-sm-7.12.1.jar;D:\javamaven\repository\org\elasticsearch\elasticsearch-x-content\7.12.1\elasticsearch-x-content-7.12.1.jar;D:\javamaven\repository\com\fasterxml\jackson\dataformat\jackson-dataformat-smile\2.11.4\jackson-dataformat-smile-2.11.4.jar;D:\javamaven\repository\com\fasterxml\jackson\dataformat\jackson-dataformat-yaml\2.11.4\jackson-dataformat-yaml-2.11.4.jar;D:\javamaven\repository\com\fasterxml\jackson\dataformat\jackson-dataformat-cbor\2.11.4\jackson-dataformat-cbor-2.11.4.jar;D:\javamaven\repository\org\elasticsearch\elasticsearch-geo\7.12.1\elasticsearch-geo-7.12.1.jar;D:\javamaven\repository\org\apache\lucene\lucene-core\8.8.0\lucene-core-8.8.0.jar;D:\javamaven\repository\org\apache\lucene\lucene-analyzers-common\8.8.0\lucene-analyzers-common-8.8.0.jar;D:\javamaven\repository\org\apache\lucene\lucene-backward-codecs\8.8.0\lucene-backward-codecs-8.8.0.jar;D:\javamaven\repository\org\apache\lucene\lucene-grouping\8.8.0\lucene-grouping-8.8.0.jar;D:\javamaven\repository\org\apache\lucene\lucene-highlighter\8.8.0\lucene-highlighter-8.8.0.jar;D:\javamaven\repository\org\apache\lucene\lucene-join\8.8.0\lucene-join-8.8.0.jar;D:\javamaven\repository\org\apache\lucene\lucene-memory\8.8.0\lucene-memory-8.8.0.jar;D:\javamaven\repository\org\apache\lucene\lucene-misc\8.8.0\lucene-misc-8.8.0.jar;D:\javamaven\repository\org\apache\lucene\lucene-queries\8.8.0\lucene-queries-8.8.0.jar;D:\javamaven\repository\org\apache\lucene\lucene-queryparser\8.8.0\lucene-queryparser-8.8.0.jar;D:\javamaven\repository\org\apache\lucene\lucene-sandbox\8.8.0\lucene-sandbox-8.8.0.jar;D:\javamaven\repository\org\apache\lucene\lucene-spatial-extras\8.8.0\lucene-spatial-extras-8.8.0.jar;D:\javamaven\repository\org\apache\lucene\lucene-spatial3d\8.8.0\lucene-spatial3d-8.8.0.jar;D:\javamaven\repository\org\apache\lucene\lucene-suggest\8.8.0\lucene-suggest-8.8.0.jar;D:\javamaven\repository\org\elasticsearch\elasticsearch-cli\7.12.1\elasticsearch-cli-7.12.1.jar;D:\javamaven\repository\net\sf\jopt-simple\jopt-simple\5.0.2\jopt-simple-5.0.2.jar;D:\javamaven\repository\com\carrotsearch\hppc\0.8.1\hppc-0.8.1.jar;D:\javamaven\repository\joda-time\joda-time\2.10.4\joda-time-2.10.4.jar;D:\javamaven\repository\com\tdunning\t-digest\3.2\t-digest-3.2.jar;D:\javamaven\repository\org\hdrhistogram\HdrHistogram\2.1.9\HdrHistogram-2.1.9.jar;D:\javamaven\repository\org\elasticsearch\jna\5.7.0-1\jna-5.7.0-1.jar;D:\javamaven\repository\org\elasticsearch\elasticsearch-plugin-classloader\7.12.1\elasticsearch-plugin-classloader-7.12.1.jar;D:\javamaven\repository\org\elasticsearch\client\elasticsearch-rest-client\7.12.1\elasticsearch-rest-client-7.12.1.jar;D:\javamaven\repository\org\apache\httpcomponents\httpclient\4.5.13\httpclient-4.5.13.jar;D:\javamaven\repository\org\apache\httpcomponents\httpcore\4.4.14\httpcore-4.4.14.jar;D:\javamaven\repository\org\apache\httpcomponents\httpasyncclient\4.1.4\httpasyncclient-4.1.4.jar;D:\javamaven\repository\org\apache\httpcomponents\httpcore-nio\4.4.14\httpcore-nio-4.4.14.jar;D:\javamaven\repository\commons-codec\commons-codec\1.15\commons-codec-1.15.jar;D:\javamaven\repository\org\elasticsearch\plugin\mapper-extras-client\7.12.1\mapper-extras-client-7.12.1.jar;D:\javamaven\repository\org\elasticsearch\plugin\parent-join-client\7.12.1\parent-join-client-7.12.1.jar;D:\javamaven\repository\org\elasticsearch\plugin\aggs-matrix-stats-client\7.12.1\aggs-matrix-stats-client-7.12.1.jar;D:\javamaven\repository\org\elasticsearch\plugin\rank-eval-client\7.12.1\rank-eval-client-7.12.1.jar;D:\javamaven\repository\org\elasticsearch\plugin\lang-mustache-client\7.12.1\lang-mustache-client-7.12.1.jar;D:\javamaven\repository\com\github\spullara\mustache\java\compiler\0.9.6\compiler-0.9.6.jar;D:\javamaven\repository\com\fasterxml\jackson\core\jackson-core\2.11.4\jackson-core-2.11.4.jar;D:\javamaven\repository\com\fasterxml\jackson\core\jackson-databind\2.11.4\jackson-databind-2.11.4.jar;D:\javamaven\repository\com\fasterxml\jackson\core\jackson-annotations\2.11.4\jackson-annotations-2.11.4.jar;D:\javamaven\repository\org\slf4j\slf4j-api\1.7.30\slf4j-api-1.7.30.jar;D:\javamaven\repository\org\webjars\bowergithub\dcodeio\long.js\4.0.0\long.js-4.0.0.jar;D:\javamaven\repository\com\atlassian\commonmark\commonmark\0.10.0\commonmark-0.10.0.jar;D:\javamaven\repository\com\github\pagehelper\pagehelper-spring-boot-starter\1.2.10\pagehelper-spring-boot-starter-1.2.10.jar;D:\javamaven\repository\com\github\pagehelper\pagehelper-spring-boot-autoconfigure\1.2.10\pagehelper-spring-boot-autoconfigure-1.2.10.jar;D:\javamaven\repository\com\github\pagehelper\pagehelper\5.1.8\pagehelper-5.1.8.jar;D:\javamaven\repository\com\github\jsqlparser\jsqlparser\1.2\jsqlparser-1.2.jar;D:\javamaven\repository\org\springframework\boot\spring-boot-starter-aop\2.4.3\spring-boot-starter-aop-2.4.3.jar;D:\javamaven\repository\org\springframework\spring-aop\5.3.4\spring-aop-5.3.4.jar;D:\javamaven\repository\org\springframework\spring-beans\5.3.4\spring-beans-5.3.4.jar;D:\javamaven\repository\org\aspectj\aspectjweaver\1.9.6\aspectjweaver-1.9.6.jar;D:\javamaven\repository\org\springframework\boot\spring-boot-starter-thymeleaf\2.4.3\spring-boot-starter-thymeleaf-2.4.3.jar;D:\javamaven\repository\org\thymeleaf\thymeleaf-spring5\3.0.12.RELEASE\thymeleaf-spring5-3.0.12.RELEASE.jar;D:\javamaven\repository\org\thymeleaf\thymeleaf\3.0.12.RELEASE\thymeleaf-3.0.12.RELEASE.jar;D:\javamaven\repository\org\attoparser\attoparser\2.0.5.RELEASE\attoparser-2.0.5.RELEASE.jar;D:\javamaven\repository\org\unbescape\unbescape\1.1.6.RELEASE\unbescape-1.1.6.RELEASE.jar;D:\javamaven\repository\org\thymeleaf\extras\thymeleaf-extras-java8time\3.0.4.RELEASE\thymeleaf-extras-java8time-3.0.4.RELEASE.jar;D:\javamaven\repository\org\springframework\boot\spring-boot-starter-web\2.4.3\spring-boot-starter-web-2.4.3.jar;D:\javamaven\repository\org\springframework\boot\spring-boot-starter-json\2.4.3\spring-boot-starter-json-2.4.3.jar;D:\javamaven\repository\com\fasterxml\jackson\datatype\jackson-datatype-jdk8\2.11.4\jackson-datatype-jdk8-2.11.4.jar;D:\javamaven\repository\com\fasterxml\jackson\datatype\jackson-datatype-jsr310\2.11.4\jackson-datatype-jsr310-2.11.4.jar;D:\javamaven\repository\com\fasterxml\jackson\module\jackson-module-parameter-names\2.11.4\jackson-module-parameter-names-2.11.4.jar;D:\javamaven\repository\org\springframework\boot\spring-boot-starter-tomcat\2.4.3\spring-boot-starter-tomcat-2.4.3.jar;D:\javamaven\repository\org\apache\tomcat\embed\tomcat-embed-core\9.0.43\tomcat-embed-core-9.0.43.jar;D:\javamaven\repository\org\glassfish\jakarta.el\3.0.3\jakarta.el-3.0.3.jar;D:\javamaven\repository\org\apache\tomcat\embed\tomcat-embed-websocket\9.0.43\tomcat-embed-websocket-9.0.43.jar;D:\javamaven\repository\org\springframework\spring-web\5.3.4\spring-web-5.3.4.jar;D:\javamaven\repository\org\springframework\spring-webmvc\5.3.4\spring-webmvc-5.3.4.jar;D:\javamaven\repository\org\springframework\spring-expression\5.3.4\spring-expression-5.3.4.jar;D:\javamaven\repository\org\mybatis\spring\boot\mybatis-spring-boot-starter\2.1.4\mybatis-spring-boot-starter-2.1.4.jar;D:\javamaven\repository\org\springframework\boot\spring-boot-starter-jdbc\2.4.3\spring-boot-starter-jdbc-2.4.3.jar;D:\javamaven\repository\com\zaxxer\HikariCP\3.4.5\HikariCP-3.4.5.jar;D:\javamaven\repository\org\springframework\spring-jdbc\5.3.4\spring-jdbc-5.3.4.jar;D:\javamaven\repository\org\mybatis\spring\boot\mybatis-spring-boot-autoconfigure\2.1.4\mybatis-spring-boot-autoconfigure-2.1.4.jar;D:\javamaven\repository\org\mybatis\mybatis\3.5.6\mybatis-3.5.6.jar;D:\javamaven\repository\org\mybatis\mybatis-spring\2.0.6\mybatis-spring-2.0.6.jar;D:\javamaven\repository\org\springframework\boot\spring-boot-devtools\2.4.3\spring-boot-devtools-2.4.3.jar;D:\javamaven\repository\org\springframework\boot\spring-boot\2.4.3\spring-boot-2.4.3.jar;D:\javamaven\repository\org\springframework\boot\spring-boot-autoconfigure\2.4.3\spring-boot-autoconfigure-2.4.3.jar;D:\javamaven\repository\mysql\mysql-connector-java\8.0.23\mysql-connector-java-8.0.23.jar;D:\javamaven\repository\org\springframework\boot\spring-boot-starter-test\2.4.3\spring-boot-starter-test-2.4.3.jar;D:\javamaven\repository\org\springframework\boot\spring-boot-test\2.4.3\spring-boot-test-2.4.3.jar;D:\javamaven\repository\org\springframework\boot\spring-boot-test-autoconfigure\2.4.3\spring-boot-test-autoconfigure-2.4.3.jar;D:\javamaven\repository\com\jayway\jsonpath\json-path\2.4.0\json-path-2.4.0.jar;D:\javamaven\repository\net\minidev\json-smart\2.3\json-smart-2.3.jar;D:\javamaven\repository\net\minidev\accessors-smart\1.2\accessors-smart-1.2.jar;D:\javamaven\repository\org\ow2\asm\asm\5.0.4\asm-5.0.4.jar;D:\javamaven\repository\jakarta\xml\bind\jakarta.xml.bind-api\2.3.3\jakarta.xml.bind-api-2.3.3.jar;D:\javamaven\repository\jakarta\activation\jakarta.activation-api\1.2.2\jakarta.activation-api-1.2.2.jar;D:\javamaven\repository\org\assertj\assertj-core\3.18.1\assertj-core-3.18.1.jar;D:\javamaven\repository\org\hamcrest\hamcrest\2.2\hamcrest-2.2.jar;D:\javamaven\repository\org\junit\jupiter\junit-jupiter\5.7.1\junit-jupiter-5.7.1.jar;D:\javamaven\repository\org\junit\jupiter\junit-jupiter-api\5.7.1\junit-jupiter-api-5.7.1.jar;D:\javamaven\repository\org\apiguardian\apiguardian-api\1.1.0\apiguardian-api-1.1.0.jar;D:\javamaven\repository\org\opentest4j\opentest4j\1.2.0\opentest4j-1.2.0.jar;D:\javamaven\repository\org\junit\platform\junit-platform-commons\1.7.1\junit-platform-commons-1.7.1.jar;D:\javamaven\repository\org\junit\jupiter\junit-jupiter-params\5.7.1\junit-jupiter-params-5.7.1.jar;D:\javamaven\repository\org\junit\jupiter\junit-jupiter-engine\5.7.1\junit-jupiter-engine-5.7.1.jar;D:\javamaven\repository\org\junit\platform\junit-platform-engine\1.7.1\junit-platform-engine-1.7.1.jar;D:\javamaven\repository\org\mockito\mockito-core\3.6.28\mockito-core-3.6.28.jar;D:\javamaven\repository\net\bytebuddy\byte-buddy\1.10.20\byte-buddy-1.10.20.jar;D:\javamaven\repository\net\bytebuddy\byte-buddy-agent\1.10.20\byte-buddy-agent-1.10.20.jar;D:\javamaven\repository\org\objenesis\objenesis\3.1\objenesis-3.1.jar;D:\javamaven\repository\org\mockito\mockito-junit-jupiter\3.6.28\mockito-junit-jupiter-3.6.28.jar;D:\javamaven\repository\org\skyscreamer\jsonassert\1.5.0\jsonassert-1.5.0.jar;D:\javamaven\repository\com\vaadin\external\google\android-json\0.0.20131108.vaadin1\android-json-0.0.20131108.vaadin1.jar;D:\javamaven\repository\org\springframework\spring-core\5.3.4\spring-core-5.3.4.jar;D:\javamaven\repository\org\springframework\spring-jcl\5.3.4\spring-jcl-5.3.4.jar;D:\javamaven\repository\org\springframework\spring-test\5.3.4\spring-test-5.3.4.jar;D:\javamaven\repository\org\xmlunit\xmlunit-core\2.7.0\xmlunit-core-2.7.0.jar;"/>
    <property name="sun.cpu.endian" value="little"/>
    <property name="user.home" value="C:\Users\hulud"/>
    <property name="user.language" value="zh"/>
    <property name="java.specification.vendor" value="Oracle Corporation"/>
    <property name="java.home" value="D:\java3\jre"/>
    <property name="basedir" value="D:\java学习\newblog"/>
    <property name="file.separator" value="\"/>
    <property name="line.separator" value="&#10;"/>
    <property name="java.vm.specification.vendor" value="Oracle Corporation"/>
    <property name="java.specification.name" value="Java Platform API Specification"/>
    <property name="java.awt.graphicsenv" value="sun.awt.Win32GraphicsEnvironment"/>
    <property name="surefire.real.class.path" value="C:\Users\hulud\AppData\Local\Temp\surefire8771540731720881936\surefirebooter2368602142784166404.jar"/>
    <property name="sun.boot.class.path" value="D:\java3\jre\lib\resources.jar;D:\java3\jre\lib\rt.jar;D:\java3\jre\lib\sunrsasign.jar;D:\java3\jre\lib\jsse.jar;D:\java3\jre\lib\jce.jar;D:\java3\jre\lib\charsets.jar;D:\java3\jre\lib\jfr.jar;D:\java3\jre\classes"/>
    <property name="user.script" value=""/>
    <property name="sun.management.compiler" value="HotSpot 64-Bit Tiered Compilers"/>
    <property name="java.runtime.version" value="1.8.0_221-b11"/>
    <property name="user.name" value="hulud"/>
    <property name="path.separator" value=";"/>
    <property name="os.version" value="10.0"/>
    <property name="java.endorsed.dirs" value="D:\java3\jre\lib\endorsed"/>
    <property name="java.runtime.name" value="Java(TM) SE Runtime Environment"/>
    <property name="file.encoding" value="GBK"/>
    <property name="java.vm.name" value="Java HotSpot(TM) 64-Bit Server VM"/>
    <property name="localRepository" value="D:\javamaven\repository"/>
    <property name="java.vendor.url.bug" value="http://bugreport.sun.com/bugreport/"/>
    <property name="java.io.tmpdir" value="C:\Users\hulud\AppData\Local\Temp\"/>
    <property name="idea.version" value="2020.2.4"/>
    <property name="java.version" value="1.8.0_221"/>
    <property name="user.dir" value="D:\java学习\newblog"/>
    <property name="os.arch" value="amd64"/>
    <property name="java.vm.specification.name" value="Java Virtual Machine Specification"/>
    <property name="java.awt.printerjob" value="sun.awt.windows.WPrinterJob"/>
    <property name="sun.os.patch.level" value=""/>
    <property name="java.library.path" value="D:\java3\jre\bin;C:\WINDOWS\Sun\Java\bin;C:\WINDOWS\system32;C:\WINDOWS;C:\Program Files (x86)\Common Files\Oracle\Java\javapath;C:\Program Files\Common Files\Oracle\Java\javapath;C:\WINDOWS\system32;C:\WINDOWS;C:\WINDOWS\system32\WBEM;D:\java学习\bin;D;\javasql\bin;D:\javaMYSQL\bin;C:\WINDOWS\System32\Wbem;C:\WINDOWS\System32\WindowsPowerShell\v1.0\;C:\WINDOWS\System32\OpenSSH\;D:\JMYSQL\bin;D:\java学习\mysql\bin;C;\Program Files\dotnet\;C:\Program Files\Microsoft SQL Server\130\Tools\Binn\;C:\Program Files\Microsoft SQL Server\Client SDK\ODBC\170\Tools\Binn\;D:\java3\\bin;D:\javamaven\apache-maven-3.6.3\bin;D:\git\Git\cmd;D:\node\;C:\Users\hulud\AppData\Local\Microsoft\WindowsApps;%IntelliJ IDEA Community Edition%;C:\Users\hulud\.dotnet\tools;C:\Users\hulud\AppData\Roaming\npm;D:\node;D:\javaidea\IntelliJ IDEA 2020.2.4\bin;;."/>
    <property name="java.vm.info" value="mixed mode"/>
    <property name="java.vendor" value="Oracle Corporation"/>
    <property name="java.vm.version" value="25.221-b11"/>
    <property name="java.ext.dirs" value="D:\java3\jre\lib\ext;C:\WINDOWS\Sun\Java\lib\ext"/>
    <property name="sun.io.unicode.encoding" value="UnicodeLittle"/>
    <property name="maven.repo.local" value="D:\javamaven\repository"/>
    <property name="java.class.version" value="52.0"/>
  </properties>
  <testcase name="contextLoads" classname="com.example.blog.BlogApplicationTests" time="0.466"/>
  <testcase name="SearchGoods" classname="com.example.blog.BlogApplicationTests" time="1.157">
    <error message="Timeout connecting to [localhost/127.0.0.1:9200]" type="java.net.ConnectException">java.net.ConnectException: Timeout connecting to [localhost/127.0.0.1:9200]
	at com.example.blog.BlogApplicationTests.SearchGoods(BlogApplicationTests.java:59)
Caused by: java.net.ConnectException: Timeout connecting to [localhost/127.0.0.1:9200]
</error>
  </testcase>
  <testcase name="createIndexTest" classname="com.example.blog.BlogApplicationTests" time="1.019">
    <error message="Timeout connecting to [localhost/127.0.0.1:9200]" type="java.net.ConnectException">java.net.ConnectException: Timeout connecting to [localhost/127.0.0.1:9200]
	at com.example.blog.BlogApplicationTests.createIndexTest(BlogApplicationTests.java:52)
Caused by: java.net.ConnectException: Timeout connecting to [localhost/127.0.0.1:9200]
</error>
  </testcase>
</testsuite>